<?xml version="1.0" encoding="UTF-8"?>
<!-- Generated by org.testng.reporters.JUnitReportReporter -->
<testsuite hostname="DESKTOP-QPOHFS9" failures="0" tests="1" name="handling_popups.AutomativeFileUpload" time="14.276" errors="0" timestamp="2023-12-29T20:45:26 IST" skipped="0">
  <testcase classname="handling_popups.AutomativeFileUpload" name="nanda" time="14.276">
    <system-out>
      <![CDATA[file is successfully uploaded]]>
    </system-out>
  </testcase> <!-- nanda -->
  <system-out>
    <![CDATA[file is successfully uploaded
Logo is displayed 
text box is displayed 
dowload box is displayed 
nanda
kiran
juturu]]>
  </system-out>
</testsuite> <!-- handling_popups.AutomativeFileUpload -->
