<?xml version="1.0" encoding="UTF-8"?>
<!-- Generated by org.testng.reporters.JUnitReportReporter -->
<testsuite hostname="DESKTOP-QPOHFS9" failures="0" tests="2" name="testingK.TestDemo" time="0.004" errors="0" timestamp="2023-12-29T20:56:04 IST" skipped="0">
  <testcase classname="testingK.TestDemo" name="display" time="0.001">
    <system-out>
      <![CDATA[nanda
kiran
juturu]]>
    </system-out>
  </testcase> <!-- display -->
  <testcase classname="testingK.TestDemo" name="display" time="0.003">
    <system-out>
      <![CDATA[nanda
kiran
juturu]]>
    </system-out>
  </testcase> <!-- display -->
  <system-out>
    <![CDATA[Logo is displayed 
Logo is displayed 
text box is displayed 
text box is displayed 
dowload box is displayed 
dowload box is displayed 
nanda
kiran
juturu
nanda
kiran
juturu]]>
  </system-out>
</testsuite> <!-- testingK.TestDemo -->
