<?xml version="1.0" encoding="UTF-8"?>
<!-- Generated by org.testng.reporters.JUnitReportReporter -->
<testsuite hostname="DESKTOP-QPOHFS9" failures="0" tests="2" name="testingK.Verify" time="11.344" errors="0" timestamp="2023-12-29T20:56:04 IST" skipped="0">
  <testcase classname="testingK.Verify" name="verify" time="5.655">
    <system-out>
      <![CDATA[Logo is displayed 
text box is displayed 
dowload box is displayed ]]>
    </system-out>
  </testcase> <!-- verify -->
  <testcase classname="testingK.Verify" name="verify" time="5.689">
    <system-out>
      <![CDATA[Logo is displayed 
text box is displayed 
dowload box is displayed ]]>
    </system-out>
  </testcase> <!-- verify -->
  <system-out>
    <![CDATA[Logo is displayed 
Logo is displayed 
text box is displayed 
text box is displayed 
dowload box is displayed 
dowload box is displayed 
nanda
kiran
juturu
nanda
kiran
juturu]]>
  </system-out>
</testsuite> <!-- testingK.Verify -->
